# JRE version: Java(TM) SE Runtime Environment (8.0_111-b14) (build 1.8.0_111-b14)
# Java VM: Java HotSpot(TM) 64-Bit Server VM (25.111-b14 mixed mode linux-amd64 compressed oops)
Heap:
 PSYoungGen      total 375296K, used 0K [0x00000000e0000000, 0x00000000ffe80000, 0x0000000100000000)
  eden space 226304K, 0% used [0x00000000e0000000,0x00000000e0000000,0x00000000edd00000)
  from space 148992K, 0% used [0x00000000edd00000,0x00000000edd00000,0x00000000f6e80000)
  to   space 141824K, 0% used [0x00000000f7400000,0x00000000f7400000,0x00000000ffe80000)
 ParOldGen       total 665088K, used 386539K [0x00000000a0000000, 0x00000000c8980000, 0x00000000e0000000)
  object space 665088K, 58% used [0x00000000a0000000,0x00000000b797aea8,0x00000000c8980000)
 Metaspace       used 77252K, capacity 82102K, committed 83968K, reserved 1122304K
  class space    used 9803K, capacity 10536K, committed 11008K, reserved 1048576K
GC Heap History (10 events):
Event: 3177,164 GC heap after
Heap after GC invocations=223 (full 26):
 PSYoungGen      total 291328K, used 68800K [0x00000000e0000000, 0x00000000ff400000, 0x0000000100000000)
  eden space 222208K, 0% used [0x00000000e0000000,0x00000000e0000000,0x00000000ed900000)
  from space 69120K, 99% used [0x00000000ed900000,0x00000000f1c303e0,0x00000000f1c80000)
  to   space 144896K, 0% used [0x00000000f6680000,0x00000000f6680000,0x00000000ff400000)
 ParOldGen       total 665088K, used 329300K [0x00000000a0000000, 0x00000000c8980000, 0x00000000e0000000)
  object space 665088K, 49% used [0x00000000a0000000,0x00000000b4195280,0x00000000c8980000)
 Metaspace       used 78851K, capacity 83758K, committed 83968K, reserved 1122304K
  class space    used 10074K, capacity 10832K, committed 11008K, reserved 1048576K
}
Event: 3177,812 GC heap before
{Heap before GC invocations=224 (full 26):
 PSYoungGen      total 291328K, used 291008K [0x00000000e0000000, 0x00000000ff400000, 0x0000000100000000)
  eden space 222208K, 100% used [0x00000000e0000000,0x00000000ed900000,0x00000000ed900000)
  from space 69120K, 99% used [0x00000000ed900000,0x00000000f1c303e0,0x00000000f1c80000)
  to   space 144896K, 0% used [0x00000000f6680000,0x00000000f6680000,0x00000000ff400000)
 ParOldGen       total 665088K, used 329300K [0x00000000a0000000, 0x00000000c8980000, 0x00000000e0000000)
  object space 665088K, 49% used [0x00000000a0000000,0x00000000b4195280,0x00000000c8980000)
 Metaspace       used 78851K, capacity 83758K, committed 83968K, reserved 1122304K
  class space    used 10074K, capacity 10832K, committed 11008K, reserved 1048576K
Event: 3178,016 GC heap after
Heap after GC invocations=224 (full 26):
 PSYoungGen      total 375808K, used 43660K [0x00000000e0000000, 0x0000000100000000, 0x0000000100000000)
  eden space 230912K, 0% used [0x00000000e0000000,0x00000000e0000000,0x00000000ee180000)
  from space 144896K, 30% used [0x00000000f6680000,0x00000000f9123128,0x00000000ff400000)
  to   space 136192K, 0% used [0x00000000ee180000,0x00000000ee180000,0x00000000f6680000)
 ParOldGen       total 665088K, used 393641K [0x00000000a0000000, 0x00000000c8980000, 0x00000000e0000000)
  object space 665088K, 59% used [0x00000000a0000000,0x00000000b806a688,0x00000000c8980000)
 Metaspace       used 78851K, capacity 83758K, committed 83968K, reserved 1122304K
  class space    used 10074K, capacity 10832K, committed 11008K, reserved 1048576K
}
Event: 3178,583 GC heap before
{Heap before GC invocations=225 (full 26):
 PSYoungGen      total 375808K, used 274572K [0x00000000e0000000, 0x0000000100000000, 0x0000000100000000)
  eden space 230912K, 100% used [0x00000000e0000000,0x00000000ee180000,0x00000000ee180000)
  from space 144896K, 30% used [0x00000000f6680000,0x00000000f9123128,0x00000000ff400000)
  to   space 136192K, 0% used [0x00000000ee180000,0x00000000ee180000,0x00000000f6680000)
 ParOldGen       total 665088K, used 393641K [0x00000000a0000000, 0x00000000c8980000, 0x00000000e0000000)
  object space 665088K, 59% used [0x00000000a0000000,0x00000000b806a688,0x00000000c8980000)
 Metaspace       used 78851K, capacity 83758K, committed 83968K, reserved 1122304K
  class space    used 10074K, capacity 10832K, committed 11008K, reserved 1048576K
Event: 3178,679 GC heap after
Heap after GC invocations=225 (full 26):
 PSYoungGen      total 367104K, used 72227K [0x00000000e0000000, 0x00000000ff780000, 0x0000000100000000)
  eden space 230912K, 0% used [0x00000000e0000000,0x00000000e0000000,0x00000000ee180000)
  from space 136192K, 53% used [0x00000000ee180000,0x00000000f2808f08,0x00000000f6680000)
  to   space 136192K, 0% used [0x00000000f7280000,0x00000000f7280000,0x00000000ff780000)
 ParOldGen       total 665088K, used 428749K [0x00000000a0000000, 0x00000000c8980000, 0x00000000e0000000)
  object space 665088K, 64% used [0x00000000a0000000,0x00000000ba2b3790,0x00000000c8980000)
 Metaspace       used 78851K, capacity 83758K, committed 83968K, reserved 1122304K
  class space    used 10074K, capacity 10832K, committed 11008K, reserved 1048576K
}
Event: 3178,927 GC heap before
{Heap before GC invocations=226 (full 26):
 PSYoungGen      total 367104K, used 303139K [0x00000000e0000000, 0x00000000ff780000, 0x0000000100000000)
  eden space 230912K, 100% used [0x00000000e0000000,0x00000000ee180000,0x00000000ee180000)
  from space 136192K, 53% used [0x00000000ee180000,0x00000000f2808f08,0x00000000f6680000)
  to   space 136192K, 0% used [0x00000000f7280000,0x00000000f7280000,0x00000000ff780000)
 ParOldGen       total 665088K, used 428749K [0x00000000a0000000, 0x00000000c8980000, 0x00000000e0000000)
  object space 665088K, 64% used [0x00000000a0000000,0x00000000ba2b3790,0x00000000c8980000)
 Metaspace       used 78851K, capacity 83758K, committed 83968K, reserved 1122304K
  class space    used 10074K, capacity 10832K, committed 11008K, reserved 1048576K
Event: 3179,048 GC heap after
Heap after GC invocations=226 (full 26):
 PSYoungGen      total 362496K, used 108713K [0x00000000e0000000, 0x0000000100000000, 0x0000000100000000)
  eden space 226304K, 0% used [0x00000000e0000000,0x00000000e0000000,0x00000000edd00000)
  from space 136192K, 79% used [0x00000000f7280000,0x00000000fdcaa6c0,0x00000000ff780000)
  to   space 148992K, 0% used [0x00000000edd00000,0x00000000edd00000,0x00000000f6e80000)
 ParOldGen       total 665088K, used 481506K [0x00000000a0000000, 0x00000000c8980000, 0x00000000e0000000)
  object space 665088K, 72% used [0x00000000a0000000,0x00000000bd6388b0,0x00000000c8980000)
 Metaspace       used 78851K, capacity 83758K, committed 83968K, reserved 1122304K
  class space    used 10074K, capacity 10832K, committed 11008K, reserved 1048576K
}
Event: 3179,392 GC heap before
{Heap before GC invocations=227 (full 26):
 PSYoungGen      total 362496K, used 335017K [0x00000000e0000000, 0x0000000100000000, 0x0000000100000000)
  eden space 226304K, 100% used [0x00000000e0000000,0x00000000edd00000,0x00000000edd00000)
  from space 136192K, 79% used [0x00000000f7280000,0x00000000fdcaa6c0,0x00000000ff780000)
  to   space 148992K, 0% used [0x00000000edd00000,0x00000000edd00000,0x00000000f6e80000)
 ParOldGen       total 665088K, used 481506K [0x00000000a0000000, 0x00000000c8980000, 0x00000000e0000000)
  object space 665088K, 72% used [0x00000000a0000000,0x00000000bd6388b0,0x00000000c8980000)
 Metaspace       used 78851K, capacity 83758K, committed 83968K, reserved 1122304K
  class space    used 10074K, capacity 10832K, committed 11008K, reserved 1048576K
Event: 3179,547 GC heap after
Heap after GC invocations=227 (full 26):
 PSYoungGen      total 375296K, used 46421K [0x00000000e0000000, 0x00000000ffe80000, 0x0000000100000000)
  eden space 226304K, 0% used [0x00000000e0000000,0x00000000e0000000,0x00000000edd00000)
  from space 148992K, 31% used [0x00000000edd00000,0x00000000f0a556c8,0x00000000f6e80000)
  to   space 141824K, 0% used [0x00000000f7400000,0x00000000f7400000,0x00000000ffe80000)
 ParOldGen       total 665088K, used 590059K [0x00000000a0000000, 0x00000000c8980000, 0x00000000e0000000)
  object space 665088K, 88% used [0x00000000a0000000,0x00000000c403af50,0x00000000c8980000)
 Metaspace       used 78851K, capacity 83758K, committed 83968K, reserved 1122304K
  class space    used 10074K, capacity 10832K, committed 11008K, reserved 1048576K
}
Event: 3179,547 GC heap before
{Heap before GC invocations=228 (full 27):
 PSYoungGen      total 375296K, used 46421K [0x00000000e0000000, 0x00000000ffe80000, 0x0000000100000000)
  eden space 226304K, 0% used [0x00000000e0000000,0x00000000e0000000,0x00000000edd00000)
  from space 148992K, 31% used [0x00000000edd00000,0x00000000f0a556c8,0x00000000f6e80000)
  to   space 141824K, 0% used [0x00000000f7400000,0x00000000f7400000,0x00000000ffe80000)
 ParOldGen       total 665088K, used 590059K [0x00000000a0000000, 0x00000000c8980000, 0x00000000e0000000)
  object space 665088K, 88% used [0x00000000a0000000,0x00000000c403af50,0x00000000c8980000)
 Metaspace       used 78851K, capacity 83758K, committed 83968K, reserved 1122304K
  class space    used 10074K, capacity 10832K, committed 11008K, reserved 1048576K

